<?xml version="1.0" encoding="UTF-8"?>
<!-- Generated by org.testng.reporters.JUnitXMLReporter -->
<testsuite hostname="SJAIN16" ignored="0" name="Test url2"
	tests="2" failures="0" timestamp="27 Nov 2020 15:38:48 GMT"
	time="17.994" errors="0">
	<testcase name="@BeforeMethod initializeDriver" time="17.951"
		classname="framework.TestBase">
		<failure type="java.lang.NullPointerException">
      <![CDATA[java.lang.NullPointerException
at framework.WebListeners.afterNavigateTo(WebListeners.java:28)
at org.openqa.selenium.support.events.EventFiringWebDriver.lambda$new$0(EventFiringWebDriver.java:84)
at com.sun.proxy.$Proxy8.afterNavigateTo(Unknown Source)
at org.openqa.selenium.support.events.EventFiringWebDriver$EventFiringNavigation.to(EventFiringWebDriver.java:570)
at framework.TestBase.initializeDriver(TestBase.java:25)
at java.util.concurrent.FutureTask.run(FutureTask.java:266)
at java.util.concurrent.ThreadPoolExecutor.runWorker(ThreadPoolExecutor.java:1149)
at java.util.concurrent.ThreadPoolExecutor$Worker.run(ThreadPoolExecutor.java:624)
at java.lang.Thread.run(Thread.java:748)
... Removed 23 stack frames]]>
		</failure>
	</testcase> <!-- @BeforeMethod initializeDriver -->
	<testcase name="@BeforeMethod initializeDriver" time="0.0"
		classname="framework.TestBase">
		<skipped />
	</testcase> <!-- @BeforeMethod initializeDriver -->
	<testcase name="@AfterClass cleanUp" time="0.0"
		classname="tests.SampleClass_SameURL2">
		<skipped />
	</testcase> <!-- @AfterClass cleanUp -->
	<testcase name="W3SchoolsestMethod" time="0.0"
		classname="tests.SampleClass_SameURL2">
		<skipped />
	</testcase> <!-- W3SchoolsestMethod -->
	<testcase name="W3SchoolsestMethod2" time="0.0"
		classname="tests.SampleClass_SameURL2">
		<skipped />
	</testcase> <!-- W3SchoolsestMethod2 -->
</testsuite> <!-- Test url2 -->
